#
# A fatal error has been detected by the Java Runtime Environment:
#
#  Internal Error (safepoint.cpp:919), pid=23591, tid=28935
#  fatal error: Illegal threadstate encountered: 4
#
# JRE version: OpenJDK Runtime Environment Temurin-11.0.13+8 (11.0.13+8) (build 11.0.13+8)
# Java VM: OpenJDK 64-Bit Server VM Temurin-11.0.13+8 (11.0.13+8, mixed mode, tiered, compressed oops, g1 gc, bsd-amd64)
# No core dump will be written. Core dumps have been disabled. To enable core dumping, try "ulimit -c unlimited" before starting Java again
#
# If you would like to submit a bug report, please visit:
#   https://github.com/adoptium/adoptium-support/issues
# The crash happened outside the Java Virtual Machine in native code.
# See problematic frame for where to report the bug.
#

---------------  S U M M A R Y ------------

Command Line: -javaagent:/Applications/IntelliJ IDEA.app/Contents/lib/idea_rt.jar=50573:/Applications/IntelliJ IDEA.app/Contents/bin -Dfile.encoding=UTF-8 --module-path=/Users/ishaperry/Library/CloudStorage/OneDrive-GeorgiaInstituteofTechnology/pacman_2340/target/classes:/Users/ishaperry/.m2/repository/org/openjfx/javafx-fxml/11.0.2/javafx-fxml-11.0.2-mac.jar:/Users/ishaperry/.m2/repository/org/openjfx/javafx-controls/11.0.2/javafx-controls-11.0.2-mac.jar:/Users/ishaperry/.m2/repository/org/openjfx/javafx-base/11.0.2/javafx-base-11.0.2-mac.jar:/Users/ishaperry/.m2/repository/org/openjfx/javafx-graphics/11.0.2/javafx-graphics-11.0.2-mac.jar -Djdk.module.main=com.example.pacman com.example.pacman/com.example.pacman.ui.welcome

Host: MacBookPro16,3 x86_64 1400 MHz, 8 cores, 8G, Darwin 21.3.0
Time: Wed Oct 12 17:17:33 2022 EDT elapsed time: 54.224480 seconds (0d 0h 0m 54s)

---------------  T H R E A D  ---------------

Current thread (0x00007f87ce00c000):  JavaThread "InvokeLaterDispatcher" daemon [_thread_in_native, id=28935, stack(0x000070000b23e000,0x000070000b33e000)]

Stack: [0x000070000b23e000,0x000070000b33e000],  sp=0x000070000b33c320,  free space=1016k
Native frames: (J=compiled Java code, A=aot compiled Java code, j=interpreted, Vv=VM code, C=native code)
V  [libjvm.dylib+0x7c3ee8]  _ZN7VMError14report_and_dieEiPKcS1_P13__va_list_tagP6ThreadPhPvS7_S1_im+0x652
V  [libjvm.dylib+0x276925]  _Z12report_fatal11VMErrorTypePKciS1_z+0xc0
V  [libjvm.dylib+0x69a191]  _ZN20SafepointSynchronize5blockEP10JavaThread+0x1d9
V  [libjvm.dylib+0x69b6ff]  _ZN18SafepointMechanism23block_if_requested_slowEP10JavaThread+0x1d
V  [libjvm.dylib+0x77c95a]  _ZN10JavaThread44check_safepoint_and_suspend_for_native_transEPS_+0x9c
V  [libjvm.dylib+0x3f186a]  jni_DeleteGlobalRef+0x93
C  [libglass.dylib+0x8851]  -[GlassRunnable dealloc]+0x31
C  [Foundation+0x80eab]  -[_NSThreadPerformInfo dealloc]+0x2a
C  [Foundation+0x4dcd7]  -[NSObject(NSThreadPerformAdditions) performSelectorOnMainThread:withObject:waitUntilDone:]+0x7c
J 3197  com.sun.glass.ui.mac.MacApplication._submitForLaterInvocation(Ljava/lang/Runnable;)V javafx.graphics (0 bytes) @ 0x000000011f13398f [0x000000011f1338c0+0x00000000000000cf]
J 3196 c1 com.sun.glass.ui.mac.MacApplication.submitForLaterInvocation(Ljava/lang/Runnable;)V javafx.graphics (6 bytes) @ 0x00000001180cd634 [0x00000001180cd5c0+0x0000000000000074]
j  com.sun.glass.ui.InvokeLaterDispatcher.run()V+82 javafx.graphics
v  ~StubRoutines::call_stub
V  [libjvm.dylib+0x3b5a80]  _ZN9JavaCalls11call_helperEP9JavaValueRK12methodHandleP17JavaCallArgumentsP6Thread+0x1fe
V  [libjvm.dylib+0x3b4ee6]  _ZN9JavaCalls12call_virtualEP9JavaValueP5KlassP6SymbolS5_P17JavaCallArgumentsP6Thread+0xee
V  [libjvm.dylib+0x3b4fa2]  _ZN9JavaCalls12call_virtualEP9JavaValue6HandleP5KlassP6SymbolS6_P6Thread+0x62
V  [libjvm.dylib+0x43c182]  _ZL12thread_entryP10JavaThreadP6Thread+0x78
V  [libjvm.dylib+0x77b3e4]  _ZN10JavaThread17thread_main_innerEv+0x82
V  [libjvm.dylib+0x77b22e]  _ZN10JavaThread3runEv+0x122
V  [libjvm.dylib+0x779148]  _ZN6Thread8call_runEv+0x68
V  [libjvm.dylib+0x6277ed]  _ZL19thread_native_entryP6Thread+0x139
C  [libsystem_pthread.dylib+0x64f4]  _pthread_start+0x7d
C  [libsystem_pthread.dylib+0x200f]  thread_start+0xf

Java frames: (J=compiled Java code, j=interpreted, Vv=VM code)
J 3197  com.sun.glass.ui.mac.MacApplication._submitForLaterInvocation(Ljava/lang/Runnable;)V javafx.graphics (0 bytes) @ 0x000000011f13391c [0x000000011f1338c0+0x000000000000005c]
J 3196 c1 com.sun.glass.ui.mac.MacApplication.submitForLaterInvocation(Ljava/lang/Runnable;)V javafx.graphics (6 bytes) @ 0x00000001180cd634 [0x00000001180cd5c0+0x0000000000000074]
j  com.sun.glass.ui.InvokeLaterDispatcher.run()V+82 javafx.graphics
v  ~StubRoutines::call_stub

---------------  P R O C E S S  ---------------

Threads class SMR info:
_java_thread_list=0x00006000031fb320, length=18, elements={
0x00007f87cc01c000, 0x00007f87cf008800, 0x00007f87cf00d800, 0x00007f87cc8d8000,
0x00007f87cd818000, 0x00007f87cd819000, 0x00007f87cc8d8800, 0x00007f87cc8d9800,
0x00007f87cc0a8800, 0x00007f87cc0da800, 0x00007f87cf063800, 0x00007f87ce00c000,
0x00007f87cc9e4000, 0x00007f87cc1b2000, 0x00007f87cca33800, 0x00007f87d10d7800,
0x00007f87ce85f000, 0x00007f87cc288000
}

Java Threads: ( => current thread )
  0x00007f87cc01c000 JavaThread "main" [_thread_blocked, id=10499, stack(0x0000700009f02000,0x000070000a002000)]
  0x00007f87cf008800 JavaThread "Reference Handler" daemon [_thread_blocked, id=18179, stack(0x000070000a617000,0x000070000a717000)]
  0x00007f87cf00d800 JavaThread "Finalizer" daemon [_thread_blocked, id=17411, stack(0x000070000a71a000,0x000070000a81a000)]
  0x00007f87cc8d8000 JavaThread "Signal Dispatcher" daemon [_thread_blocked, id=15875, stack(0x000070000a923000,0x000070000aa23000)]
  0x00007f87cd818000 JavaThread "Service Thread" daemon [_thread_blocked, id=22019, stack(0x000070000aa26000,0x000070000ab26000)]
  0x00007f87cd819000 JavaThread "C2 CompilerThread0" daemon [_thread_blocked, id=43011, stack(0x000070000ab29000,0x000070000ac29000)]
  0x00007f87cc8d8800 JavaThread "C1 CompilerThread0" daemon [_thread_blocked, id=42499, stack(0x000070000ac2c000,0x000070000ad2c000)]
  0x00007f87cc8d9800 JavaThread "Sweeper thread" daemon [_thread_blocked, id=41987, stack(0x000070000ad2f000,0x000070000ae2f000)]
  0x00007f87cc0a8800 JavaThread "Common-Cleaner" daemon [_thread_blocked, id=23299, stack(0x000070000ae32000,0x000070000af32000)]
  0x00007f87cc0da800 JavaThread "Monitor Ctrl-Break" daemon [_thread_in_native, id=41219, stack(0x000070000af35000,0x000070000b035000)]
  0x00007f87cf063800 JavaThread "QuantumRenderer-0" daemon [_thread_blocked, id=40963, stack(0x000070000b13b000,0x000070000b23b000)]
=>0x00007f87ce00c000 JavaThread "InvokeLaterDispatcher" daemon [_thread_in_native, id=28935, stack(0x000070000b23e000,0x000070000b33e000)]
  0x00007f87cc9e4000 JavaThread "JavaFX Application Thread" [_thread_in_native, id=259, stack(0x00007ff7b8b31000,0x00007ff7b9331000)]
  0x00007f87cc1b2000 JavaThread "Thread-2" daemon [_thread_in_native, id=46095, stack(0x000070000b341000,0x000070000b3c1000)]
  0x00007f87cca33800 JavaThread "JavaFX-Launcher" [_thread_blocked, id=75779, stack(0x000070000b54d000,0x000070000b64d000)]
  0x00007f87d10d7800 JavaThread "Attach Listener" daemon [_thread_blocked, id=72451, stack(0x000070000bb5f000,0x000070000bc5f000)]
  0x00007f87ce85f000 JavaThread "Prism Font Disposer" daemon [_thread_blocked, id=72195, stack(0x000070000bc62000,0x000070000bd62000)]
  0x00007f87cc288000 JavaThread "Cleaner-0" daemon [_thread_blocked, id=129539, stack(0x000070000bd65000,0x000070000be65000)]

Other Threads:
  0x00007f87cd810000 VMThread "VM Thread" [stack: 0x000070000a514000,0x000070000a614000] [id=13571]
  0x00007f87d0811000 WatcherThread [stack: 0x000070000b038000,0x000070000b138000] [id=24067]
  0x00007f87cc012000 GCTaskThread "GC Thread#0" [stack: 0x000070000a005000,0x000070000a105000] [id=11267]
  0x00007f87cf08e000 GCTaskThread "GC Thread#1" [stack: 0x000070000b650000,0x000070000b750000] [id=52231]
  0x00007f87cf07f000 GCTaskThread "GC Thread#2" [stack: 0x000070000b753000,0x000070000b853000] [id=57603]
  0x00007f87cc1c8000 GCTaskThread "GC Thread#3" [stack: 0x000070000b856000,0x000070000b956000] [id=57859]
  0x00007f87cf0c2800 GCTaskThread "GC Thread#4" [stack: 0x000070000b959000,0x000070000ba59000] [id=73731]
  0x00007f87cf0c3000 GCTaskThread "GC Thread#5" [stack: 0x000070000ba5c000,0x000070000bb5c000] [id=58115]
  0x00007f87cc82c000 ConcurrentGCThread "G1 Main Marker" [stack: 0x000070000a108000,0x000070000a208000] [id=11523]
  0x00007f87cc82d000 ConcurrentGCThread "G1 Conc#0" [stack: 0x000070000a20b000,0x000070000a30b000] [id=19971]
  0x00007f87ce863000 ConcurrentGCThread "G1 Conc#1" [stack: 0x000070000be68000,0x000070000bf68000] [id=129283]
  0x00007f87cc88d800 ConcurrentGCThread "G1 Refine#0" [stack: 0x000070000a30e000,0x000070000a40e000] [id=19715]
  0x00007f87cc28c800 ConcurrentGCThread "G1 Refine#1" [stack: 0x000070000bf6b000,0x000070000c06b000] [id=1959]
  0x00007f87cc2bd000 ConcurrentGCThread "G1 Refine#2" [stack: 0x000070000c06e000,0x000070000c16e000] [id=65043]
  0x00007f87d10cb800 ConcurrentGCThread "G1 Refine#3" [stack: 0x000070000c171000,0x000070000c271000] [id=128771]
  0x00007f87ce870000 ConcurrentGCThread "G1 Refine#4" [stack: 0x000070000c274000,0x000070000c374000] [id=88835]
  0x00007f87d0824000 ConcurrentGCThread "G1 Refine#5" [stack: 0x000070000c377000,0x000070000c477000] [id=128515]
  0x00007f87cc88e800 ConcurrentGCThread "G1 Young RemSet Sampling" [stack: 0x000070000a411000,0x000070000a511000] [id=19459]

Threads with active compile tasks:

VM state:not at safepoint (normal execution)

VM Mutex/Monitor currently owned by a thread: None

Heap address: 0x0000000780000000, size: 2048 MB, Compressed Oops mode: Zero based, Oop shift amount: 3
Narrow klass base: 0x0000000800000000, Narrow klass shift: 0
Compressed class space size: 1073741824 Address: 0x0000000800000000

Heap:
 garbage-first heap   total 131072K, used 55746K [0x0000000780000000, 0x0000000800000000)
  region size 1024K, 38 young (38912K), 7 survivors (7168K)
 Metaspace       used 26410K, capacity 27336K, committed 27520K, reserved 1073152K
  class space    used 3266K, capacity 3666K, committed 3712K, reserved 1048576K
Heap Regions: E=young(eden), S=young(survivor), O=old, HS=humongous(starts), HC=humongous(continues), CS=collection set, F=free, A=archive, TAMS=top-at-mark-start (previous, next)
|   0|0x0000000780000000, 0x0000000780038400, 0x0000000780100000| 21%| O|  |TAMS 0x0000000780038400, 0x0000000780000000| Untracked 
|   1|0x0000000780100000, 0x0000000780200000, 0x0000000780200000|100%|HS|  |TAMS 0x0000000780200000, 0x0000000780100000| Complete 
|   2|0x0000000780200000, 0x0000000780300000, 0x0000000780300000|100%|HS|  |TAMS 0x0000000780300000, 0x0000000780200000| Complete 
|   3|0x0000000780300000, 0x0000000780400000, 0x0000000780400000|100%|HS|  |TAMS 0x0000000780300000, 0x0000000780300000| Complete 
|   4|0x0000000780400000, 0x0000000780500000, 0x0000000780500000|100%|HC|  |TAMS 0x0000000780400000, 0x0000000780400000| Complete 
|   5|0x0000000780500000, 0x0000000780600000, 0x0000000780600000|100%|HS|  |TAMS 0x0000000780500000, 0x0000000780500000| Complete 
|   6|0x0000000780600000, 0x0000000780700000, 0x0000000780700000|100%|HC|  |TAMS 0x0000000780600000, 0x0000000780600000| Complete 
|   7|0x0000000780700000, 0x0000000780800000, 0x0000000780800000|100%|HC|  |TAMS 0x0000000780700000, 0x0000000780700000| Complete 
|   8|0x0000000780800000, 0x0000000780900000, 0x0000000780900000|100%|HC|  |TAMS 0x0000000780800000, 0x0000000780800000| Complete 
|   9|0x0000000780900000, 0x0000000780a00000, 0x0000000780a00000|100%|HS|  |TAMS 0x0000000780900000, 0x0000000780900000| Complete 
|  10|0x0000000780a00000, 0x0000000780b00000, 0x0000000780b00000|100%|HS|  |TAMS 0x0000000780a00000, 0x0000000780a00000| Complete 
|  11|0x0000000780b00000, 0x0000000780c00000, 0x0000000780c00000|100%|HC|  |TAMS 0x0000000780b00000, 0x0000000780b00000| Complete 
|  12|0x0000000780c00000, 0x0000000780d00000, 0x0000000780d00000|100%|HC|  |TAMS 0x0000000780c00000, 0x0000000780c00000| Complete 
|  13|0x0000000780d00000, 0x0000000780e00000, 0x0000000780e00000|100%|HC|  |TAMS 0x0000000780d00000, 0x0000000780d00000| Complete 
|  14|0x0000000780e00000, 0x0000000780f00000, 0x0000000780f00000|100%|HS|  |TAMS 0x0000000780e00000, 0x0000000780e00000| Complete 
|  15|0x0000000780f00000, 0x0000000781000000, 0x0000000781000000|100%|HS|  |TAMS 0x0000000780f00000, 0x0000000780f00000| Complete 
|  16|0x0000000781000000, 0x0000000781100000, 0x0000000781100000|100%|HC|  |TAMS 0x0000000781000000, 0x0000000781000000| Complete 
|  17|0x0000000781100000, 0x0000000781200000, 0x0000000781200000|100%|HC|  |TAMS 0x0000000781100000, 0x0000000781100000| Complete 
|  18|0x0000000781200000, 0x0000000781300000, 0x0000000781300000|100%|HC|  |TAMS 0x0000000781200000, 0x0000000781200000| Complete 
|  19|0x0000000781300000, 0x0000000781300000, 0x0000000781400000|  0%| F|  |TAMS 0x0000000781300000, 0x0000000781300000| Untracked 
|  20|0x0000000781400000, 0x0000000781400000, 0x0000000781500000|  0%| F|  |TAMS 0x0000000781400000, 0x0000000781400000| Untracked 
|  21|0x0000000781500000, 0x0000000781500000, 0x0000000781600000|  0%| F|  |TAMS 0x0000000781500000, 0x0000000781500000| Untracked 
|  22|0x0000000781600000, 0x0000000781600000, 0x0000000781700000|  0%| F|  |TAMS 0x0000000781600000, 0x0000000781600000| Untracked 
|  23|0x0000000781700000, 0x0000000781700000, 0x0000000781800000|  0%| F|  |TAMS 0x0000000781700000, 0x0000000781700000| Untracked 
|  24|0x0000000781800000, 0x0000000781800000, 0x0000000781900000|  0%| F|  |TAMS 0x0000000781800000, 0x0000000781800000| Untracked 
|  25|0x0000000781900000, 0x0000000781900000, 0x0000000781a00000|  0%| F|  |TAMS 0x0000000781900000, 0x0000000781900000| Untracked 
|  26|0x0000000781a00000, 0x0000000781a00000, 0x0000000781b00000|  0%| F|  |TAMS 0x0000000781a00000, 0x0000000781a00000| Untracked 
|  27|0x0000000781b00000, 0x0000000781b00000, 0x0000000781c00000|  0%| F|  |TAMS 0x0000000781b00000, 0x0000000781b00000| Untracked 
|  28|0x0000000781c00000, 0x0000000781c00000, 0x0000000781d00000|  0%| F|  |TAMS 0x0000000781c00000, 0x0000000781c00000| Untracked 
|  29|0x0000000781d00000, 0x0000000781d00000, 0x0000000781e00000|  0%| F|  |TAMS 0x0000000781d00000, 0x0000000781d00000| Untracked 
|  30|0x0000000781e00000, 0x0000000781e00000, 0x0000000781f00000|  0%| F|  |TAMS 0x0000000781e00000, 0x0000000781e00000| Untracked 
|  31|0x0000000781f00000, 0x0000000781f00000, 0x0000000782000000|  0%| F|  |TAMS 0x0000000781f00000, 0x0000000781f00000| Untracked 
|  32|0x0000000782000000, 0x0000000782000000, 0x0000000782100000|  0%| F|  |TAMS 0x0000000782000000, 0x0000000782000000| Untracked 
|  33|0x0000000782100000, 0x0000000782100000, 0x0000000782200000|  0%| F|  |TAMS 0x0000000782100000, 0x0000000782100000| Untracked 
|  34|0x0000000782200000, 0x0000000782200000, 0x0000000782300000|  0%| F|  |TAMS 0x0000000782200000, 0x0000000782200000| Untracked 
|  35|0x0000000782300000, 0x0000000782300000, 0x0000000782400000|  0%| F|  |TAMS 0x0000000782300000, 0x0000000782300000| Untracked 
|  36|0x0000000782400000, 0x0000000782400000, 0x0000000782500000|  0%| F|  |TAMS 0x0000000782400000, 0x0000000782400000| Untracked 
|  37|0x0000000782500000, 0x0000000782500000, 0x0000000782600000|  0%| F|  |TAMS 0x0000000782500000, 0x0000000782500000| Untracked 
|  38|0x0000000782600000, 0x0000000782600000, 0x0000000782700000|  0%| F|  |TAMS 0x0000000782600000, 0x0000000782600000| Untracked 
|  39|0x0000000782700000, 0x0000000782700000, 0x0000000782800000|  0%| F|  |TAMS 0x0000000782700000, 0x0000000782700000| Untracked 
|  40|0x0000000782800000, 0x0000000782800000, 0x0000000782900000|  0%| F|  |TAMS 0x0000000782800000, 0x0000000782800000| Untracked 
|  41|0x0000000782900000, 0x0000000782900000, 0x0000000782a00000|  0%| F|  |TAMS 0x0000000782900000, 0x0000000782900000| Untracked 
|  42|0x0000000782a00000, 0x0000000782a00000, 0x0000000782b00000|  0%| F|  |TAMS 0x0000000782a00000, 0x0000000782a00000| Untracked 
|  43|0x0000000782b00000, 0x0000000782b00000, 0x0000000782c00000|  0%| F|  |TAMS 0x0000000782b00000, 0x0000000782b00000| Untracked 
|  44|0x0000000782c00000, 0x0000000782c00000, 0x0000000782d00000|  0%| F|  |TAMS 0x0000000782c00000, 0x0000000782c00000| Untracked 
|  45|0x0000000782d00000, 0x0000000782d00000, 0x0000000782e00000|  0%| F|  |TAMS 0x0000000782d00000, 0x0000000782d00000| Untracked 
|  46|0x0000000782e00000, 0x0000000782e00000, 0x0000000782f00000|  0%| F|  |TAMS 0x0000000782e00000, 0x0000000782e00000| Untracked 
|  47|0x0000000782f00000, 0x0000000782f00000, 0x0000000783000000|  0%| F|  |TAMS 0x0000000782f00000, 0x0000000782f00000| Untracked 
|  48|0x0000000783000000, 0x0000000783000000, 0x0000000783100000|  0%| F|  |TAMS 0x0000000783000000, 0x0000000783000000| Untracked 
|  49|0x0000000783100000, 0x0000000783100000, 0x0000000783200000|  0%| F|  |TAMS 0x0000000783100000, 0x0000000783100000| Untracked 
|  50|0x0000000783200000, 0x0000000783200000, 0x0000000783300000|  0%| F|  |TAMS 0x0000000783200000, 0x0000000783200000| Untracked 
|  51|0x0000000783300000, 0x0000000783300000, 0x0000000783400000|  0%| F|  |TAMS 0x0000000783300000, 0x0000000783300000| Untracked 
|  52|0x0000000783400000, 0x0000000783400000, 0x0000000783500000|  0%| F|  |TAMS 0x0000000783400000, 0x0000000783400000| Untracked 
|  53|0x0000000783500000, 0x0000000783500000, 0x0000000783600000|  0%| F|  |TAMS 0x0000000783500000, 0x0000000783500000| Untracked 
|  54|0x0000000783600000, 0x0000000783600000, 0x0000000783700000|  0%| F|  |TAMS 0x0000000783600000, 0x0000000783600000| Untracked 
|  55|0x0000000783700000, 0x0000000783700000, 0x0000000783800000|  0%| F|  |TAMS 0x0000000783700000, 0x0000000783700000| Untracked 
|  56|0x0000000783800000, 0x0000000783800000, 0x0000000783900000|  0%| F|  |TAMS 0x0000000783800000, 0x0000000783800000| Untracked 
|  57|0x0000000783900000, 0x0000000783900000, 0x0000000783a00000|  0%| F|  |TAMS 0x0000000783900000, 0x0000000783900000| Untracked 
|  58|0x0000000783a00000, 0x0000000783a00000, 0x0000000783b00000|  0%| F|  |TAMS 0x0000000783a00000, 0x0000000783a00000| Untracked 
|  59|0x0000000783b00000, 0x0000000783b00000, 0x0000000783c00000|  0%| F|  |TAMS 0x0000000783b00000, 0x0000000783b00000| Untracked 
|  60|0x0000000783c00000, 0x0000000783c00000, 0x0000000783d00000|  0%| F|  |TAMS 0x0000000783c00000, 0x0000000783c00000| Untracked 
|  61|0x0000000783d00000, 0x0000000783d00000, 0x0000000783e00000|  0%| F|  |TAMS 0x0000000783d00000, 0x0000000783d00000| Untracked 
|  62|0x0000000783e00000, 0x0000000783e00000, 0x0000000783f00000|  0%| F|  |TAMS 0x0000000783e00000, 0x0000000783e00000| Untracked 
|  63|0x0000000783f00000, 0x0000000783f00000, 0x0000000784000000|  0%| F|  |TAMS 0x0000000783f00000, 0x0000000783f00000| Untracked 
|  64|0x0000000784000000, 0x0000000784000000, 0x0000000784100000|  0%| F|  |TAMS 0x0000000784000000, 0x0000000784000000| Untracked 
|  65|0x0000000784100000, 0x0000000784100000, 0x0000000784200000|  0%| F|  |TAMS 0x0000000784100000, 0x0000000784100000| Untracked 
|  66|0x0000000784200000, 0x0000000784200000, 0x0000000784300000|  0%| F|  |TAMS 0x0000000784200000, 0x0000000784200000| Untracked 
|  67|0x0000000784300000, 0x0000000784300000, 0x0000000784400000|  0%| F|  |TAMS 0x0000000784300000, 0x0000000784300000| Untracked 
|  68|0x0000000784400000, 0x0000000784400000, 0x0000000784500000|  0%| F|  |TAMS 0x0000000784400000, 0x0000000784400000| Untracked 
|  69|0x0000000784500000, 0x0000000784500000, 0x0000000784600000|  0%| F|  |TAMS 0x0000000784500000, 0x0000000784500000| Untracked 
|  70|0x0000000784600000, 0x0000000784600000, 0x0000000784700000|  0%| F|  |TAMS 0x0000000784600000, 0x0000000784600000| Untracked 
|  71|0x0000000784700000, 0x0000000784700000, 0x0000000784800000|  0%| F|  |TAMS 0x0000000784700000, 0x0000000784700000| Untracked 
|  72|0x0000000784800000, 0x0000000784800000, 0x0000000784900000|  0%| F|  |TAMS 0x0000000784800000, 0x0000000784800000| Untracked 
|  73|0x0000000784900000, 0x0000000784900000, 0x0000000784a00000|  0%| F|  |TAMS 0x0000000784900000, 0x0000000784900000| Untracked 
|  74|0x0000000784a00000, 0x0000000784a00000, 0x0000000784b00000|  0%| F|  |TAMS 0x0000000784a00000, 0x0000000784a00000| Untracked 
|  75|0x0000000784b00000, 0x0000000784b00000, 0x0000000784c00000|  0%| F|  |TAMS 0x0000000784b00000, 0x0000000784b00000| Untracked 
|  76|0x0000000784c00000, 0x0000000784c00000, 0x0000000784d00000|  0%| F|  |TAMS 0x0000000784c00000, 0x0000000784c00000| Untracked 
|  77|0x0000000784d00000, 0x0000000784d00000, 0x0000000784e00000|  0%| F|  |TAMS 0x0000000784d00000, 0x0000000784d00000| Untracked 
|  78|0x0000000784e00000, 0x0000000784e00000, 0x0000000784f00000|  0%| F|  |TAMS 0x0000000784e00000, 0x0000000784e00000| Untracked 
|  79|0x0000000784f00000, 0x0000000784f00000, 0x0000000785000000|  0%| F|  |TAMS 0x0000000784f00000, 0x0000000784f00000| Untracked 
|  80|0x0000000785000000, 0x0000000785000000, 0x0000000785100000|  0%| F|  |TAMS 0x0000000785000000, 0x0000000785000000| Untracked 
|  81|0x0000000785100000, 0x0000000785100000, 0x0000000785200000|  0%| F|  |TAMS 0x0000000785100000, 0x0000000785100000| Untracked 
|  82|0x0000000785200000, 0x0000000785200000, 0x0000000785300000|  0%| F|  |TAMS 0x0000000785200000, 0x0000000785200000| Untracked 
|  83|0x0000000785300000, 0x0000000785300000, 0x0000000785400000|  0%| F|  |TAMS 0x0000000785300000, 0x0000000785300000| Untracked 
|  84|0x0000000785400000, 0x0000000785400000, 0x0000000785500000|  0%| F|  |TAMS 0x0000000785400000, 0x0000000785400000| Untracked 
|  85|0x0000000785500000, 0x0000000785500000, 0x0000000785600000|  0%| F|  |TAMS 0x0000000785500000, 0x0000000785500000| Untracked 
|  86|0x0000000785600000, 0x0000000785600000, 0x0000000785700000|  0%| F|  |TAMS 0x0000000785600000, 0x0000000785600000| Untracked 
|  87|0x0000000785700000, 0x0000000785700000, 0x0000000785800000|  0%| F|  |TAMS 0x0000000785700000, 0x0000000785700000| Untracked 
|  88|0x0000000785800000, 0x0000000785800000, 0x0000000785900000|  0%| F|  |TAMS 0x0000000785800000, 0x0000000785800000| Untracked 
|  89|0x0000000785900000, 0x0000000785900000, 0x0000000785a00000|  0%| F|  |TAMS 0x0000000785900000, 0x0000000785900000| Untracked 
|  90|0x0000000785a00000, 0x0000000785b00000, 0x0000000785b00000|100%| E|  |TAMS 0x0000000785a00000, 0x0000000785a00000| Complete 
|  91|0x0000000785b00000, 0x0000000785c00000, 0x0000000785c00000|100%| E|CS|TAMS 0x0000000785b00000, 0x0000000785b00000| Complete 
|  92|0x0000000785c00000, 0x0000000785d00000, 0x0000000785d00000|100%| E|CS|TAMS 0x0000000785c00000, 0x0000000785c00000| Complete 
|  93|0x0000000785d00000, 0x0000000785e00000, 0x0000000785e00000|100%| E|CS|TAMS 0x0000000785d00000, 0x0000000785d00000| Complete 
|  94|0x0000000785e00000, 0x0000000785e38540, 0x0000000785f00000| 22%| S|CS|TAMS 0x0000000785e00000, 0x0000000785e00000| Complete 
|  95|0x0000000785f00000, 0x0000000786000000, 0x0000000786000000|100%| S|CS|TAMS 0x0000000785f00000, 0x0000000785f00000| Complete 
|  96|0x0000000786000000, 0x0000000786100000, 0x0000000786100000|100%| S|CS|TAMS 0x0000000786000000, 0x0000000786000000| Complete 
|  97|0x0000000786100000, 0x0000000786200000, 0x0000000786200000|100%| S|CS|TAMS 0x0000000786100000, 0x0000000786100000| Complete 
|  98|0x0000000786200000, 0x0000000786300000, 0x0000000786300000|100%| S|CS|TAMS 0x0000000786200000, 0x0000000786200000| Complete 
|  99|0x0000000786300000, 0x0000000786400000, 0x0000000786400000|100%| S|CS|TAMS 0x0000000786300000, 0x0000000786300000| Complete 
| 100|0x0000000786400000, 0x0000000786500000, 0x0000000786500000|100%| S|CS|TAMS 0x0000000786400000, 0x0000000786400000| Complete 
| 101|0x0000000786500000, 0x0000000786600000, 0x0000000786600000|100%| E|CS|TAMS 0x0000000786500000, 0x0000000786500000| Complete 
| 102|0x0000000786600000, 0x0000000786700000, 0x0000000786700000|100%| E|CS|TAMS 0x0000000786600000, 0x0000000786600000| Complete 
| 103|0x0000000786700000, 0x0000000786800000, 0x0000000786800000|100%| E|CS|TAMS 0x0000000786700000, 0x0000000786700000| Complete 
| 104|0x0000000786800000, 0x0000000786900000, 0x0000000786900000|100%| E|CS|TAMS 0x0000000786800000, 0x0000000786800000| Complete 
| 105|0x0000000786900000, 0x0000000786a00000, 0x0000000786a00000|100%| E|CS|TAMS 0x0000000786900000, 0x0000000786900000| Complete 
| 106|0x0000000786a00000, 0x0000000786b00000, 0x0000000786b00000|100%| E|CS|TAMS 0x0000000786a00000, 0x0000000786a00000| Complete 
| 107|0x0000000786b00000, 0x0000000786c00000, 0x0000000786c00000|100%| E|CS|TAMS 0x0000000786b00000, 0x0000000786b00000| Complete 
| 108|0x0000000786c00000, 0x0000000786d00000, 0x0000000786d00000|100%| E|CS|TAMS 0x0000000786c00000, 0x0000000786c00000| Complete 
| 109|0x0000000786d00000, 0x0000000786e00000, 0x0000000786e00000|100%| E|CS|TAMS 0x0000000786d00000, 0x0000000786d00000| Complete 
| 110|0x0000000786e00000, 0x0000000786f00000, 0x0000000786f00000|100%| E|CS|TAMS 0x0000000786e00000, 0x0000000786e00000| Complete 
| 111|0x0000000786f00000, 0x0000000787000000, 0x0000000787000000|100%| E|CS|TAMS 0x0000000786f00000, 0x0000000786f00000| Complete 
| 112|0x0000000787000000, 0x0000000787100000, 0x0000000787100000|100%| E|CS|TAMS 0x0000000787000000, 0x0000000787000000| Complete 
| 113|0x0000000787100000, 0x0000000787200000, 0x0000000787200000|100%| E|CS|TAMS 0x0000000787100000, 0x0000000787100000| Complete 
| 114|0x0000000787200000, 0x0000000787300000, 0x0000000787300000|100%| E|CS|TAMS 0x0000000787200000, 0x0000000787200000| Complete 
| 115|0x0000000787300000, 0x0000000787400000, 0x0000000787400000|100%| E|CS|TAMS 0x0000000787300000, 0x0000000787300000| Complete 
| 116|0x0000000787400000, 0x0000000787500000, 0x0000000787500000|100%| E|CS|TAMS 0x0000000787400000, 0x0000000787400000| Complete 
| 117|0x0000000787500000, 0x0000000787600000, 0x0000000787600000|100%| E|CS|TAMS 0x0000000787500000, 0x0000000787500000| Complete 
| 118|0x0000000787600000, 0x0000000787700000, 0x0000000787700000|100%| E|CS|TAMS 0x0000000787600000, 0x0000000787600000| Complete 
| 119|0x0000000787700000, 0x0000000787800000, 0x0000000787800000|100%| E|CS|TAMS 0x0000000787700000, 0x0000000787700000| Complete 
| 120|0x0000000787800000, 0x0000000787900000, 0x0000000787900000|100%| E|CS|TAMS 0x0000000787800000, 0x0000000787800000| Complete 
| 121|0x0000000787900000, 0x0000000787a00000, 0x0000000787a00000|100%| E|CS|TAMS 0x0000000787900000, 0x0000000787900000| Complete 
| 122|0x0000000787a00000, 0x0000000787b00000, 0x0000000787b00000|100%| E|CS|TAMS 0x0000000787a00000, 0x0000000787a00000| Complete 
| 123|0x0000000787b00000, 0x0000000787c00000, 0x0000000787c00000|100%| E|CS|TAMS 0x0000000787b00000, 0x0000000787b00000| Complete 
| 124|0x0000000787c00000, 0x0000000787d00000, 0x0000000787d00000|100%| E|CS|TAMS 0x0000000787c00000, 0x0000000787c00000| Complete 
| 125|0x0000000787d00000, 0x0000000787e00000, 0x0000000787e00000|100%| E|CS|TAMS 0x0000000787d00000, 0x0000000787d00000| Complete 
| 126|0x0000000787e00000, 0x0000000787f00000, 0x0000000787f00000|100%| E|CS|TAMS 0x0000000787e00000, 0x0000000787e00000| Complete 
| 127|0x0000000787f00000, 0x0000000788000000, 0x0000000788000000|100%| E|CS|TAMS 0x0000000787f00000, 0x0000000787f00000| Complete 

Card table byte_map: [0x00000001073b0000,0x00000001077b0000] _byte_map_base: 0x00000001037b0000

Marking Bits (Prev, Next): (CMBitMap*) 0x00007f87cc823850, (CMBitMap*) 0x00007f87cc823818
 Prev Bits: [0x000000010acac000, 0x000000010ccac000)
 Next Bits: [0x0000000108cac000, 0x000000010acac000)

Polling page: 0x0000000106ced000

Metaspace:

Usage:
  Non-class:     23.12 MB capacity,    22.60 MB ( 98%) used,   420.23 KB (  2%) free+waste,   106.12 KB ( <1%) overhead. 
      Class:      3.58 MB capacity,     3.19 MB ( 89%) used,   346.18 KB (  9%) free+waste,    53.44 KB (  1%) overhead. 
       Both:     26.70 MB capacity,    25.79 MB ( 97%) used,   766.41 KB (  3%) free+waste,   159.56 KB ( <1%) overhead. 

Virtual space:
  Non-class space:       24.00 MB reserved,      23.25 MB ( 97%) committed 
      Class space:        1.00 GB reserved,       3.62 MB ( <1%) committed 
             Both:        1.02 GB reserved,      26.88 MB (  3%) committed 

Chunk freelists:
   Non-Class:  42.00 KB
       Class:  0 bytes
        Both:  42.00 KB

MaxMetaspaceSize: unlimited
CompressedClassSpaceSize: 1.00 GB
Initial GC threshold: 20.80 MB
Current GC threshold: 35.00 MB
CDS: off

CodeHeap 'non-profiled nmethods': size=120032Kb used=1824Kb max_used=1824Kb free=118207Kb
 bounds [0x000000011effd000, 0x000000011f26d000, 0x0000000126535000]
CodeHeap 'profiled nmethods': size=120028Kb used=8216Kb max_used=8216Kb free=111811Kb
 bounds [0x0000000117ac6000, 0x00000001182d6000, 0x000000011effd000]
CodeHeap 'non-nmethods': size=5700Kb used=1451Kb max_used=1480Kb free=4248Kb
 bounds [0x0000000117535000, 0x00000001177a5000, 0x0000000117ac6000]
 total_blobs=4756 nmethods=3957 adapters=710
 compilation: enabled
              stopped_count=0, restarted_count=0
 full_count=0

Compilation events (20 events):
Event: 53.325 Thread 0x00007f87cc8d8800 3952       3       com.sun.javafx.scene.ImageViewHelper::computeGeomBoundsImpl (12 bytes)
Event: 53.326 Thread 0x00007f87cc8d8800 nmethod 3952 0x00000001182ca090 code [0x00000001182ca260, 0x00000001182ca5c0]
Event: 53.326 Thread 0x00007f87cc8d8800 3953       3       javafx.scene.image.ImageView$1::doComputeGeomBounds (10 bytes)
Event: 53.326 Thread 0x00007f87cc8d8800 nmethod 3953 0x00000001182ca790 code [0x00000001182ca960, 0x00000001182cabe0]
Event: 53.326 Thread 0x00007f87cc8d8800 3954       3       com.sun.javafx.scene.ImageViewHelper::updatePeerImpl (15 bytes)
Event: 53.327 Thread 0x00007f87cc8d8800 nmethod 3954 0x00000001182cad10 code [0x00000001182caf20, 0x00000001182cb410]
Event: 53.356 Thread 0x00007f87cd819000 3955       4       com.sun.prism.es2.BufferFactory::isDirect (131 bytes)
Event: 53.359 Thread 0x00007f87cd819000 nmethod 3955 0x000000011f1c2090 code [0x000000011f1c2240, 0x000000011f1c22f8]
Event: 53.542 Thread 0x00007f87cd819000 3956       4       com.sun.javafx.image.impl.BaseByteToByteConverter::convert (120 bytes)
Event: 53.556 Thread 0x00007f87cd819000 nmethod 3956 0x000000011f1c2410 code [0x000000011f1c25c0, 0x000000011f1c2e58]
Event: 53.556 Thread 0x00007f87cd819000 3957       4       com.sun.util.reentrant.ReentrantContextProviderTL::acquire (71 bytes)
Event: 53.564 Thread 0x00007f87cd819000 nmethod 3957 0x000000011f1c3190 code [0x000000011f1c3380, 0x000000011f1c3870]
Event: 53.725 Thread 0x00007f87cc8d8800 3958       3       javafx.scene.image.Image$Animation$1::invalidated (12 bytes)
Event: 53.726 Thread 0x00007f87cd819000 3960       4       javafx.scene.shape.Shape::computeMode (44 bytes)
Event: 53.726 Thread 0x00007f87cc8d8800 nmethod 3958 0x00000001182cb690 code [0x00000001182cb880, 0x00000001182cbc30]
Event: 53.726 Thread 0x00007f87cc8d8800 3959       3       javafx.scene.image.Image$Animation::access$000 (6 bytes)
Event: 53.727 Thread 0x00007f87cc8d8800 nmethod 3959 0x00000001182cbd90 code [0x00000001182cbf40, 0x00000001182cc040]
Event: 53.735 Thread 0x00007f87cd819000 nmethod 3960 0x000000011f1c3d10 code [0x000000011f1c3ee0, 0x000000011f1c4218]
Event: 54.117 Thread 0x00007f87cd819000 3961       4       java.lang.Class::getPackageName (81 bytes)
Event: 54.138 Thread 0x00007f87cd819000 nmethod 3961 0x000000011f1c4490 code [0x000000011f1c4660, 0x000000011f1c4e18]

GC Heap History (4 events):
Event: 0.758 GC heap before
{Heap before GC invocations=0 (full 0):
 garbage-first heap   total 131072K, used 23552K [0x0000000780000000, 0x0000000800000000)
  region size 1024K, 24 young (24576K), 0 survivors (0K)
 Metaspace       used 13500K, capacity 13880K, committed 13952K, reserved 1060864K
  class space    used 1454K, capacity 1635K, committed 1664K, reserved 1048576K
}
Event: 0.763 GC heap after
{Heap after GC invocations=1 (full 0):
 garbage-first heap   total 131072K, used 3297K [0x0000000780000000, 0x0000000800000000)
  region size 1024K, 3 young (3072K), 3 survivors (3072K)
 Metaspace       used 13500K, capacity 13880K, committed 13952K, reserved 1060864K
  class space    used 1454K, capacity 1635K, committed 1664K, reserved 1048576K
}
Event: 1.497 GC heap before
{Heap before GC invocations=1 (full 0):
 garbage-first heap   total 131072K, used 28897K [0x0000000780000000, 0x0000000800000000)
  region size 1024K, 27 young (27648K), 3 survivors (3072K)
 Metaspace       used 20517K, capacity 21068K, committed 21248K, reserved 1067008K
  class space    used 2442K, capacity 2696K, committed 2816K, reserved 1048576K
}
Event: 1.503 GC heap after
{Heap after GC invocations=2 (full 0):
 garbage-first heap   total 131072K, used 8642K [0x0000000780000000, 0x0000000800000000)
  region size 1024K, 7 young (7168K), 7 survivors (7168K)
 Metaspace       used 20517K, capacity 21068K, committed 21248K, reserved 1067008K
  class space    used 2442K, capacity 2696K, committed 2816K, reserved 1048576K
}

Deoptimization events (20 events):
Event: 10.453 Thread 0x00007f87cc9e4000 Uncommon trap: trap_request=0xffffff4d fr.pc=0x000000011f0f5828 relative=0x0000000000000088
Event: 10.453 Thread 0x00007f87cc9e4000 Uncommon trap: reason=unstable_if action=reinterpret pc=0x000000011f0f5828 method=java.lang.Math.round(F)I @ 36 c2
Event: 10.454 Thread 0x00007f87cc9e4000 DEOPT PACKING pc=0x000000011f0f5828 sp=0x00007ff7b932d5d0
Event: 10.454 Thread 0x00007f87cc9e4000 DEOPT UNPACKING pc=0x000000011757eea5 sp=0x00007ff7b932d570 mode 2
Event: 32.123 Thread 0x00007f87cc9e4000 Uncommon trap: trap_request=0xffffffd6 fr.pc=0x000000011f19ed8c relative=0x00000000000002ac
Event: 32.123 Thread 0x00007f87cc9e4000 Uncommon trap: reason=array_check action=maybe_recompile pc=0x000000011f19ed8c method=javafx.css.SimpleSelector.applies(Ljavafx/css/Styleable;[Ljava/util/Set;I)Z @ 37 c2
Event: 32.123 Thread 0x00007f87cc9e4000 DEOPT PACKING pc=0x000000011f19ed8c sp=0x00007ff7b9329980
Event: 32.123 Thread 0x00007f87cc9e4000 DEOPT UNPACKING pc=0x000000011757eea5 sp=0x00007ff7b9329928 mode 2
Event: 32.123 Thread 0x00007f87cc9e4000 Uncommon trap: trap_request=0xffffffd6 fr.pc=0x000000011f19ed8c relative=0x00000000000002ac
Event: 32.123 Thread 0x00007f87cc9e4000 Uncommon trap: reason=array_check action=maybe_recompile pc=0x000000011f19ed8c method=javafx.css.SimpleSelector.applies(Ljavafx/css/Styleable;[Ljava/util/Set;I)Z @ 37 c2
Event: 32.123 Thread 0x00007f87cc9e4000 DEOPT PACKING pc=0x000000011f19ed8c sp=0x00007ff7b9329980
Event: 32.123 Thread 0x00007f87cc9e4000 DEOPT UNPACKING pc=0x000000011757eea5 sp=0x00007ff7b9329928 mode 2
Event: 32.123 Thread 0x00007f87cc9e4000 Uncommon trap: trap_request=0xffffffd6 fr.pc=0x000000011f19ed8c relative=0x00000000000002ac
Event: 32.123 Thread 0x00007f87cc9e4000 Uncommon trap: reason=array_check action=maybe_recompile pc=0x000000011f19ed8c method=javafx.css.SimpleSelector.applies(Ljavafx/css/Styleable;[Ljava/util/Set;I)Z @ 37 c2
Event: 32.123 Thread 0x00007f87cc9e4000 DEOPT PACKING pc=0x000000011f19ed8c sp=0x00007ff7b9329980
Event: 32.123 Thread 0x00007f87cc9e4000 DEOPT UNPACKING pc=0x000000011757eea5 sp=0x00007ff7b9329928 mode 2
Event: 32.123 Thread 0x00007f87cc9e4000 Uncommon trap: trap_request=0xffffffd6 fr.pc=0x000000011f19ed8c relative=0x00000000000002ac
Event: 32.123 Thread 0x00007f87cc9e4000 Uncommon trap: reason=array_check action=maybe_recompile pc=0x000000011f19ed8c method=javafx.css.SimpleSelector.applies(Ljavafx/css/Styleable;[Ljava/util/Set;I)Z @ 37 c2
Event: 32.123 Thread 0x00007f87cc9e4000 DEOPT PACKING pc=0x000000011f19ed8c sp=0x00007ff7b9329980
Event: 32.123 Thread 0x00007f87cc9e4000 DEOPT UNPACKING pc=0x000000011757eea5 sp=0x00007ff7b9329928 mode 2

Classes redefined (0 events):
No events

Internal exceptions (20 events):
Event: 1.261 Thread 0x00007f87cc9e4000 Implicit null exception at 0x000000011f05e915 to 0x000000011f05ece4
Event: 1.346 Thread 0x00007f87cc9e4000 Exception <a 'java/lang/NoSuchMethodError'{0x0000000786dddf90}: 'java.lang.Object java.lang.invoke.DirectMethodHandle$Holder.invokeInterface(java.lang.Object, java.lang.Object, java.lang.Object)'> (0x0000000786dddf90) thrown at [./src/hotspot/share/interpreter/linkResolver.cpp, line 773]
Event: 1.346 Thread 0x00007f87cc9e4000 Exception <a 'java/lang/IncompatibleClassChangeError'{0x0000000786de1148}: Found class java.lang.Object, but interface was expected> (0x0000000786de1148) thrown at [./src/hotspot/share/interpreter/linkResolver.cpp, line 839]
Event: 1.461 Thread 0x00007f87cf063800 Exception <a 'java/lang/NoSuchMethodError'{0x000000078696ac70}: 'int java.lang.invoke.DirectMethodHandle$Holder.invokeStaticInit(java.lang.Object, java.lang.Object)'> (0x000000078696ac70) thrown at [./src/hotspot/share/interpreter/linkResolver.cpp, line 773]
Event: 1.857 Thread 0x00007f87cc9e4000 Exception <a 'java/lang/NoSuchMethodError'{0x0000000787e41210}: 'java.lang.Object java.lang.invoke.DirectMethodHandle$Holder.invokeStatic(java.lang.Object, java.lang.Object, long, int, int, int)'> (0x0000000787e41210) thrown at [./src/hotspot/share/interpreter/linkResolver.cpp, line 773]
Event: 1.859 Thread 0x00007f87cc9e4000 Exception <a 'java/lang/NoSuchMethodError'{0x0000000787e54e78}: 'java.lang.Object java.lang.invoke.DirectMethodHandle$Holder.invokeStatic(java.lang.Object, java.lang.Object, int, java.lang.Object, long, int, int, int, int)'> (0x0000000787e54e78) thrown at [./src/hotspot/share/interpreter/linkResolver.cpp, line 773]
Event: 2.337 Thread 0x00007f87cc9e4000 Exception <a 'java/lang/NoSuchMethodError'{0x0000000787bcb1b0}: 'java.lang.Object java.lang.invoke.DirectMethodHandle$Holder.invokeStatic(java.lang.Object, java.lang.Object, int, int, int, int, int, java.lang.Object)'> (0x0000000787bcb1b0) thrown at [./src/hotspot/share/interpreter/linkResolver.cpp, line 773]
Event: 2.338 Thread 0x00007f87cc9e4000 Exception <a 'java/lang/NoSuchMethodError'{0x0000000787bdbb78}: 'java.lang.Object java.lang.invoke.DirectMethodHandle$Holder.invokeStatic(java.lang.Object, java.lang.Object, java.lang.Object, int, int, int, int, int)'> (0x0000000787bdbb78) thrown at [./src/hotspot/share/interpreter/linkResolver.cpp, line 773]
Event: 2.338 Thread 0x00007f87cc9e4000 Exception <a 'java/lang/NoSuchMethodError'{0x0000000787be23e8}: 'java.lang.Object java.lang.invoke.Invokers$Holder.linkToTargetMethod(java.lang.Object, java.lang.Object, int, int, int, int, int, java.lang.Object)'> (0x0000000787be23e8) thrown at [./src/hotspot/share/interpreter/linkResolver.cpp, line 773]
Event: 2.341 Thread 0x00007f87cc9e4000 Exception <a 'java/lang/NoSuchMethodError'{0x0000000787bfcb38}: 'long java.lang.invoke.DirectMethodHandle$Holder.invokeStaticInit(java.lang.Object, java.lang.Object, java.lang.Object)'> (0x0000000787bfcb38) thrown at [./src/hotspot/share/interpreter/linkResolver.cpp, line 773]
Event: 2.343 Thread 0x00007f87cc9e4000 Exception <a 'java/lang/NoSuchMethodError'{0x0000000787a15820}: 'java.lang.Object java.lang.invoke.DirectMethodHandle$Holder.invokeStatic(java.lang.Object, java.lang.Object, long)'> (0x0000000787a15820) thrown at [./src/hotspot/share/interpreter/linkResolver.cpp, line 773]
Event: 2.344 Thread 0x00007f87cc9e4000 Exception <a 'java/lang/NoSuchMethodError'{0x0000000787a1b998}: 'java.lang.Object java.lang.invoke.Invokers$Holder.linkToTargetMethod(java.lang.Object, long, java.lang.Object)'> (0x0000000787a1b998) thrown at [./src/hotspot/share/interpreter/linkResolver.cpp, line 773]
Event: 2.399 Thread 0x00007f87cc9e4000 Exception <a 'sun/nio/fs/UnixException'{0x0000000787af5078}> (0x0000000787af5078) thrown at [./src/hotspot/share/prims/jni.cpp, line 616]
Event: 2.423 Thread 0x00007f87cc9e4000 Exception <a 'java/lang/NoSuchMethodError'{0x000000078783e4f8}: 'void java.lang.invoke.DirectMethodHandle$Holder.invokeSpecial(java.lang.Object, java.lang.Object, java.lang.Object, java.lang.Object, java.lang.Object, java.lang.Object)'> (0x000000078783e4f8) thrown at [./src/hotspot/share/interpreter/linkResolver.cpp, line 773]
Event: 2.426 Thread 0x00007f87cc9e4000 Exception <a 'java/io/FileNotFoundException'{0x0000000787870810}> (0x0000000787870810) thrown at [./src/hotspot/share/prims/jni.cpp, line 616]
Event: 2.561 Thread 0x00007f87cc9e4000 Exception <a 'java/lang/ClassNotFoundException'{0x0000000787589b90}: com/sun/javafx/scene/control/skin/resources/controls> (0x0000000787589b90) thrown at [./src/hotspot/share/prims/jni.cpp, line 637]
Event: 2.562 Thread 0x00007f87cc9e4000 Exception <a 'java/lang/ClassNotFoundException'{0x00000007875979b8}: com/sun/javafx/scene/control/skin/resources/controls_en> (0x00000007875979b8) thrown at [./src/hotspot/share/prims/jni.cpp, line 637]
Event: 2.562 Thread 0x00007f87cc9e4000 Exception <a 'java/lang/ClassNotFoundException'{0x00000007875992f0}: com/sun/javafx/scene/control/skin/resources/controls_en_US> (0x00000007875992f0) thrown at [./src/hotspot/share/prims/jni.cpp, line 637]
Event: 9.765 Thread 0x00007f87cc9e4000 Implicit null exception at 0x000000011f1306bb to 0x000000011f1308c4
Event: 10.046 Thread 0x00007f87cf063800 Exception <a 'java/lang/NoSuchMethodError'{0x0000000786c50628}: 'java.lang.Object java.lang.invoke.DirectMethodHandle$Holder.invokeStaticInit(java.lang.Object, int)'> (0x0000000786c50628) thrown at [./src/hotspot/share/interpreter/linkResolver.cpp, line 773]

Events (20 events):
Event: 3.289 Loaded shared library /Users/ishaperry/.openjfx/cache/11.0.2/libprism_es2.dylib
Event: 4.052 Loaded shared library /Users/ishaperry/.openjfx/cache/11.0.2/libprism_es2.dylib
Event: 4.772 Loaded shared library /Library/Java/JavaVirtualMachines/temurin-11.jdk/Contents/Home/lib/libjava.dylib
Event: 5.250 Loaded shared library /Users/ishaperry/.openjfx/cache/11.0.2/libprism_es2.dylib
Event: 5.283 Loaded shared library /Users/ishaperry/.openjfx/cache/11.0.2/libprism_es2.dylib
Event: 7.542 Loaded shared library /Users/ishaperry/.openjfx/cache/11.0.2/libprism_es2.dylib
Event: 7.744 Loaded shared library /Users/ishaperry/.openjfx/cache/11.0.2/libprism_es2.dylib
Event: 10.029 loading class javafx/beans/value/ObservableValue
Event: 10.029 loading class javafx/beans/value/ObservableValue done
Event: 10.029 loading class javafx/stage/PopupWindow
Event: 10.029 loading class javafx/stage/PopupWindow done
Event: 10.050 Executing VM operation: RevokeBias
Event: 10.051 Executing VM operation: RevokeBias done
Event: 10.080 Executing VM operation: RevokeBias
Event: 10.080 Executing VM operation: RevokeBias done
Event: 10.136 Loaded shared library /Users/ishaperry/.openjfx/cache/11.0.2/libprism_es2.dylib
Event: 11.637 loading class com/sun/javafx/tk/quantum/WindowStage
Event: 11.637 loading class com/sun/javafx/tk/quantum/WindowStage done
Event: 20.532 Loaded shared library /Users/ishaperry/.openjfx/cache/11.0.2/libprism_es2.dylib
Event: 51.741 Loaded shared library /Users/ishaperry/.openjfx/cache/11.0.2/libprism_es2.dylib


Dynamic libraries:
0x0000000106cef000 	/Library/Java/JavaVirtualMachines/temurin-11.jdk/Contents/Home/lib/jli/libjli.dylib
0x00007ff832865000 	/System/Library/Frameworks/Cocoa.framework/Versions/A/Cocoa
0x00007ff81e6d6000 	/System/Library/Frameworks/AppKit.framework/Versions/C/AppKit
0x00007ff821bd2000 	/System/Library/Frameworks/CoreData.framework/Versions/A/CoreData
0x00007ff81caed000 	/System/Library/Frameworks/Foundation.framework/Versions/C/Foundation
0x00007ff82699a000 	/usr/lib/libSystem.B.dylib
0x00007ff81f568000 	/System/Library/PrivateFrameworks/UIFoundation.framework/Versions/A/UIFoundation
0x00007ff82c811000 	/System/Library/PrivateFrameworks/RemoteViewServices.framework/Versions/A/RemoteViewServices
0x00007ff824bfc000 	/System/Library/PrivateFrameworks/XCTTargetBootstrap.framework/Versions/A/XCTTargetBootstrap
0x00007ff8287aa000 	/System/Library/PrivateFrameworks/InternationalSupport.framework/Versions/A/InternationalSupport
0x00007ff828834000 	/System/Library/PrivateFrameworks/UserActivity.framework/Versions/A/UserActivity
0x00007ff827b8a000 	/usr/lib/libspindump.dylib
0x00007ff81f7f6000 	/System/Library/Frameworks/UniformTypeIdentifiers.framework/Versions/A/UniformTypeIdentifiers
0x00007ff823335000 	/usr/lib/libapp_launch_measurement.dylib
0x00007ff82259e000 	/System/Library/PrivateFrameworks/CoreAnalytics.framework/Versions/A/CoreAnalytics
0x00007ff823338000 	/System/Library/PrivateFrameworks/CoreAutoLayout.framework/Versions/A/CoreAutoLayout
0x00007ff824558000 	/System/Library/Frameworks/Metal.framework/Versions/A/Metal
0x00007ff825272000 	/usr/lib/liblangid.dylib
0x00007ff824c00000 	/System/Library/PrivateFrameworks/CoreSVG.framework/Versions/A/CoreSVG
0x00007ff820bbd000 	/System/Library/PrivateFrameworks/SkyLight.framework/Versions/A/SkyLight
0x00007ff820f53000 	/System/Library/Frameworks/CoreGraphics.framework/Versions/A/CoreGraphics
0x00007ff82ce80000 	/System/Library/Frameworks/Accelerate.framework/Versions/A/Accelerate
0x00007ff827605000 	/System/Library/PrivateFrameworks/IconServices.framework/Versions/A/IconServices
0x00007ff82453d000 	/System/Library/Frameworks/IOSurface.framework/Versions/A/IOSurface
0x00007ff8225cc000 	/usr/lib/libDiagnosticMessagesClient.dylib
0x00007ff8268ba000 	/usr/lib/libz.1.dylib
0x00007ff8304f1000 	/System/Library/Frameworks/ApplicationServices.framework/Versions/A/ApplicationServices
0x00007ff824be8000 	/System/Library/PrivateFrameworks/DFRFoundation.framework/Versions/A/DFRFoundation
0x00007ff81dfc7000 	/usr/lib/libicucore.A.dylib
0x00007ff8294cf000 	/System/Library/Frameworks/AudioToolbox.framework/Versions/A/AudioToolbox
0x00007ff8287b6000 	/System/Library/PrivateFrameworks/DataDetectorsCore.framework/Versions/A/DataDetectorsCore
0x00007ff92410e000 	/System/Library/PrivateFrameworks/TextInput.framework/Versions/A/TextInput
0x00007ff820b41000 	/usr/lib/libMobileGestalt.dylib
0x00007ff8248f0000 	/System/Library/Frameworks/Carbon.framework/Versions/A/Frameworks/HIToolbox.framework/Versions/A/HIToolbox
0x00007ff822d62000 	/System/Library/Frameworks/QuartzCore.framework/Versions/A/QuartzCore
0x00007ff81dc67000 	/System/Library/Frameworks/Security.framework/Versions/A/Security
0x00007ff82c849000 	/System/Library/Frameworks/Carbon.framework/Versions/A/Frameworks/SpeechRecognition.framework/Versions/A/SpeechRecognition
0x00007ff823095000 	/System/Library/PrivateFrameworks/CoreUI.framework/Versions/A/CoreUI
0x00007ff81d53f000 	/System/Library/Frameworks/CoreAudio.framework/Versions/A/CoreAudio
0x00007ff8226ba000 	/System/Library/Frameworks/DiskArbitration.framework/Versions/A/DiskArbitration
0x00007ff827f71000 	/System/Library/PrivateFrameworks/MultitouchSupport.framework/Versions/A/MultitouchSupport
0x00007ff820b40000 	/usr/lib/libenergytrace.dylib
0x00007ff81e5c2000 	/System/Library/Frameworks/IOKit.framework/Versions/A/IOKit
0x00007ff82cc35000 	/System/Library/Frameworks/CoreServices.framework/Versions/A/CoreServices
0x00007ff8232cf000 	/System/Library/PrivateFrameworks/PerformanceAnalysis.framework/Versions/A/PerformanceAnalysis
0x00007ffa338de000 	/System/Library/Frameworks/OpenGL.framework/Versions/A/OpenGL
0x00007ff825ee7000 	/System/Library/PrivateFrameworks/MobileKeyBag.framework/Versions/A/MobileKeyBag
0x00007ff81baae000 	/usr/lib/libobjc.A.dylib
0x00007ff82161f000 	/System/Library/Frameworks/ColorSync.framework/Versions/A/ColorSync
0x00007ff81bc67000 	/System/Library/Frameworks/CoreFoundation.framework/Versions/A/CoreFoundation
0x00007ff824e79000 	/System/Library/Frameworks/CoreImage.framework/Versions/A/CoreImage
0x00007ff81d355000 	/System/Library/Frameworks/CoreText.framework/Versions/A/CoreText
0x00007ff824c2f000 	/System/Library/Frameworks/ImageIO.framework/Versions/A/ImageIO
0x00007ff8269a0000 	/System/Library/PrivateFrameworks/SoftLinking.framework/Versions/A/SoftLinking
0x00007ff823380000 	/usr/lib/libxml2.2.dylib
0x00007ff81bb74000 	/usr/lib/libc++.1.dylib
0x00007ff826c24000 	/usr/lib/libcompression.dylib
0x00007ff8286e0000 	/System/Library/PrivateFrameworks/TextureIO.framework/Versions/A/TextureIO
0x00007ff827317000 	/usr/lib/libate.dylib
0x00007ff826995000 	/usr/lib/system/libcache.dylib
0x00007ff826951000 	/usr/lib/system/libcommonCrypto.dylib
0x00007ff82697a000 	/usr/lib/system/libcompiler_rt.dylib
0x00007ff826970000 	/usr/lib/system/libcopyfile.dylib
0x00007ff81b9a8000 	/usr/lib/system/libcorecrypto.dylib
0x00007ff81ba67000 	/usr/lib/system/libdispatch.dylib
0x00007ff81bc26000 	/usr/lib/system/libdyld.dylib
0x00007ff82698c000 	/usr/lib/system/libkeymgr.dylib
0x00007ff82692f000 	/usr/lib/system/libmacho.dylib
0x00007ff825fbb000 	/usr/lib/system/libquarantine.dylib
0x00007ff82698a000 	/usr/lib/system/libremovefile.dylib
0x00007ff820b8d000 	/usr/lib/system/libsystem_asl.dylib
0x00007ff81b956000 	/usr/lib/system/libsystem_blocks.dylib
0x00007ff81baeb000 	/usr/lib/system/libsystem_c.dylib
0x00007ff826982000 	/usr/lib/system/libsystem_collections.dylib
0x00007ff825263000 	/usr/lib/system/libsystem_configuration.dylib
0x00007ff824520000 	/usr/lib/system/libsystem_containermanager.dylib
0x00007ff82666c000 	/usr/lib/system/libsystem_coreservices.dylib
0x00007ff81e250000 	/usr/lib/system/libsystem_darwin.dylib
0x00007ff82698d000 	/usr/lib/system/libsystem_dnssd.dylib
0x00007ff81bae8000 	/usr/lib/system/libsystem_featureflags.dylib
0x00007ff81bc3c000 	/usr/lib/system/libsystem_info.dylib
0x00007ff8268cd000 	/usr/lib/system/libsystem_m.dylib
0x00007ff81ba3b000 	/usr/lib/system/libsystem_malloc.dylib
0x00007ff820b2a000 	/usr/lib/system/libsystem_networkextension.dylib
0x00007ff81e678000 	/usr/lib/system/libsystem_notify.dylib
0x00007ff82cb0a000 	/usr/lib/system/libsystem_product_info_filter.dylib
0x00007ff825267000 	/usr/lib/system/libsystem_sandbox.dylib
0x00007ff826987000 	/usr/lib/system/libsystem_secinit.dylib
0x00007ff81bbe3000 	/usr/lib/system/libsystem_kernel.dylib
0x00007ff81bc32000 	/usr/lib/system/libsystem_platform.dylib
0x00007ff81bc1a000 	/usr/lib/system/libsystem_pthread.dylib
0x00007ff8223e5000 	/usr/lib/system/libsystem_symptoms.dylib
0x00007ff81b98f000 	/usr/lib/system/libsystem_trace.dylib
0x00007ff82695d000 	/usr/lib/system/libunwind.dylib
0x00007ff81b958000 	/usr/lib/system/libxpc.dylib
0x00007ff81bbcd000 	/usr/lib/libc++abi.dylib
0x00007ff826968000 	/usr/lib/liboah.dylib
0x00007ff8270f5000 	/usr/lib/liblzma.5.dylib
0x00007ff81c7fe000 	/System/Library/Frameworks/SystemConfiguration.framework/Versions/A/SystemConfiguration
0x00007ff82699c000 	/usr/lib/libfakelink.dylib
0x00007ff820693000 	/System/Library/Frameworks/CFNetwork.framework/Versions/A/CFNetwork
0x00007ff826adb000 	/usr/lib/libarchive.2.dylib
0x00007ff82526e000 	/System/Library/PrivateFrameworks/AppleSystemInfo.framework/Versions/A/AppleSystemInfo
0x00007ff825fe2000 	/usr/lib/libbsm.0.dylib
0x00007ff81fcc9000 	/usr/lib/libnetwork.dylib
0x00007ff826935000 	/usr/lib/system/libkxld.dylib
0x00007ff825c10000 	/System/Library/PrivateFrameworks/IOMobileFramebuffer.framework/Versions/A/IOMobileFramebuffer
0x00007ffb31703000 	/usr/lib/libCoreEntitlements.dylib
0x00007ff82664e000 	/System/Library/PrivateFrameworks/AppleFSCompression.framework/Versions/A/AppleFSCompression
0x00007ff825fca000 	/usr/lib/libcoretls.dylib
0x00007ff82710f000 	/usr/lib/libcoretls_cfhelpers.dylib
0x00007ff826c1f000 	/usr/lib/libpam.2.dylib
0x00007ff822007000 	/usr/lib/libsqlite3.dylib
0x00007ff82717e000 	/usr/lib/libxar.1.dylib
0x00007ff82665e000 	/usr/lib/libbz2.1.0.dylib
0x00007ff8269a1000 	/usr/lib/libpcap.A.dylib
0x00007ff8223dc000 	/usr/lib/libdns_services.dylib
0x00007ff826bee000 	/usr/lib/libapple_nghttp2.dylib
0x00007ff8269d8000 	/usr/lib/libiconv.2.dylib
0x00007ff82692e000 	/usr/lib/libcharset.1.dylib
0x00007ff823303000 	/System/Library/Frameworks/CoreServices.framework/Versions/A/Frameworks/FSEvents.framework/Versions/A/FSEvents
0x00007ff81e25a000 	/System/Library/Frameworks/CoreServices.framework/Versions/A/Frameworks/CarbonCore.framework/Versions/A/CarbonCore
0x00007ff82261f000 	/System/Library/Frameworks/CoreServices.framework/Versions/A/Frameworks/Metadata.framework/Versions/A/Metadata
0x00007ff826671000 	/System/Library/Frameworks/CoreServices.framework/Versions/A/Frameworks/OSServices.framework/Versions/A/OSServices
0x00007ff826b62000 	/System/Library/Frameworks/CoreServices.framework/Versions/A/Frameworks/SearchKit.framework/Versions/A/SearchKit
0x00007ff82236e000 	/System/Library/Frameworks/CoreServices.framework/Versions/A/Frameworks/AE.framework/Versions/A/AE
0x00007ff81c16a000 	/System/Library/Frameworks/CoreServices.framework/Versions/A/Frameworks/LaunchServices.framework/Versions/A/LaunchServices
0x00007ff8270a6000 	/System/Library/Frameworks/CoreServices.framework/Versions/A/Frameworks/DictionaryServices.framework/Versions/A/DictionaryServices
0x00007ff823310000 	/System/Library/Frameworks/CoreServices.framework/Versions/A/Frameworks/SharedFileList.framework/Versions/A/SharedFileList
0x00007ff825fbe000 	/usr/lib/libCheckFix.dylib
0x00007ff820ba4000 	/System/Library/PrivateFrameworks/TCC.framework/Versions/A/TCC
0x00007ff825274000 	/System/Library/PrivateFrameworks/CoreNLP.framework/Versions/A/CoreNLP
0x00007ff8225cf000 	/System/Library/PrivateFrameworks/MetadataUtilities.framework/Versions/A/MetadataUtilities
0x00007ff81c8ae000 	/usr/lib/libmecabra.dylib
0x00007ff825ff2000 	/usr/lib/libmecab.dylib
0x00007ff81c879000 	/usr/lib/libCRFSuite.dylib
0x00007ff82604f000 	/usr/lib/libgermantok.dylib
0x00007ff826bc9000 	/usr/lib/libThaiTokenizer.dylib
0x00007ff8226c1000 	/System/Library/Frameworks/Accelerate.framework/Versions/A/Frameworks/vImage.framework/Versions/A/vImage
0x00007ff82cc0c000 	/System/Library/Frameworks/Accelerate.framework/Versions/A/Frameworks/vecLib.framework/Versions/A/vecLib
0x00007ff8271bf000 	/System/Library/Frameworks/Accelerate.framework/Versions/A/Frameworks/vecLib.framework/Versions/A/libvMisc.dylib
0x00007ff825a2e000 	/System/Library/Frameworks/Accelerate.framework/Versions/A/Frameworks/vecLib.framework/Versions/A/libvDSP.dylib
0x00007ff81c4e2000 	/System/Library/Frameworks/Accelerate.framework/Versions/A/Frameworks/vecLib.framework/Versions/A/libBLAS.dylib
0x00007ff826d00000 	/System/Library/Frameworks/Accelerate.framework/Versions/A/Frameworks/vecLib.framework/Versions/A/libLAPACK.dylib
0x00007ff826052000 	/System/Library/Frameworks/Accelerate.framework/Versions/A/Frameworks/vecLib.framework/Versions/A/libLinearAlgebra.dylib
0x00007ff826c07000 	/System/Library/Frameworks/Accelerate.framework/Versions/A/Frameworks/vecLib.framework/Versions/A/libSparseBLAS.dylib
0x00007ff826cfa000 	/System/Library/Frameworks/Accelerate.framework/Versions/A/Frameworks/vecLib.framework/Versions/A/libQuadrature.dylib
0x00007ff82535e000 	/System/Library/Frameworks/Accelerate.framework/Versions/A/Frameworks/vecLib.framework/Versions/A/libBNNS.dylib
0x00007ff81c78f000 	/System/Library/Frameworks/Accelerate.framework/Versions/A/Frameworks/vecLib.framework/Versions/A/libSparse.dylib
0x00007ff825357000 	/System/Library/PrivateFrameworks/LinguisticData.framework/Versions/A/LinguisticData
0x00007ff81c744000 	/System/Library/PrivateFrameworks/Lexicon.framework/Versions/A/Lexicon
0x00007ff8271b8000 	/usr/lib/libChineseTokenizer.dylib
0x00007ff81cea8000 	/System/Library/PrivateFrameworks/LanguageModeling.framework/Versions/A/LanguageModeling
0x00007ff826bcb000 	/System/Library/PrivateFrameworks/AppleSauce.framework/Versions/A/AppleSauce
0x00007ff825bfe000 	/System/Library/PrivateFrameworks/CoreEmoji.framework/Versions/A/CoreEmoji
0x00007ff826aca000 	/usr/lib/libcmph.dylib
0x00007ff8232e7000 	/System/Library/Frameworks/OpenDirectory.framework/Versions/A/Frameworks/CFOpenDirectory.framework/Versions/A/CFOpenDirectory
0x00007ff8232db000 	/System/Library/Frameworks/OpenDirectory.framework/Versions/A/OpenDirectory
0x00007ff827111000 	/System/Library/PrivateFrameworks/APFS.framework/Versions/A/APFS
0x00007ff825f1f000 	/System/Library/Frameworks/SecurityFoundation.framework/Versions/A/SecurityFoundation
0x00007ff82718c000 	/usr/lib/libutil.dylib
0x00007ff81e585000 	/System/Library/PrivateFrameworks/CoreServicesStore.framework/Versions/A/CoreServicesStore
0x00007ff827190000 	/usr/lib/libxslt.1.dylib
0x00007ff825fac000 	/System/Library/PrivateFrameworks/BackgroundTaskManagement.framework/Versions/A/BackgroundTaskManagement
0x00007ff828600000 	/System/Library/Frameworks/ImageIO.framework/Versions/A/Resources/libRadiance.dylib
0x00007ff828609000 	/System/Library/Frameworks/ImageIO.framework/Versions/A/Resources/libJPEG.dylib
0x00007ff828559000 	/System/Library/Frameworks/ImageIO.framework/Versions/A/Resources/libPng.dylib
0x00007ff82857a000 	/System/Library/Frameworks/ImageIO.framework/Versions/A/Resources/libTIFF.dylib
0x00007ff828669000 	/System/Library/Frameworks/ImageIO.framework/Versions/A/Resources/libGIF.dylib
0x00007ff827e8a000 	/System/Library/Frameworks/ImageIO.framework/Versions/A/Resources/libJP2.dylib
0x00007ff8275cc000 	/usr/lib/libexpat.1.dylib
0x00007ff827e3f000 	/System/Library/PrivateFrameworks/AppleJPEG.framework/Versions/A/AppleJPEG
0x00007ff8247b3000 	/System/Library/PrivateFrameworks/FontServices.framework/libFontParser.dylib
0x00007ff822318000 	/System/Library/PrivateFrameworks/RunningBoardServices.framework/Versions/A/RunningBoardServices
0x00007ff832de1000 	/System/Library/PrivateFrameworks/IOSurfaceAccelerator.framework/Versions/A/IOSurfaceAccelerator
0x00007ff827f6d000 	/System/Library/PrivateFrameworks/WatchdogClient.framework/Versions/A/WatchdogClient
0x00007ff81cf97000 	/System/Library/Frameworks/CoreDisplay.framework/Versions/A/CoreDisplay
0x00007ff8246b2000 	/System/Library/Frameworks/CoreMedia.framework/Versions/A/CoreMedia
0x00007ff82454f000 	/System/Library/PrivateFrameworks/IOAccelerator.framework/Versions/A/IOAccelerator
0x00007ff823463000 	/System/Library/Frameworks/CoreVideo.framework/Versions/A/CoreVideo
0x00007ff826c1d000 	/System/Library/Frameworks/MetalPerformanceShaders.framework/Versions/A/MetalPerformanceShaders
0x00007ff827fa8000 	/System/Library/Frameworks/VideoToolbox.framework/Versions/A/VideoToolbox
0x00007ff822260000 	/System/Library/PrivateFrameworks/BaseBoard.framework/Versions/A/BaseBoard
0x00007ff821fed000 	/System/Library/PrivateFrameworks/ProtocolBuffer.framework/Versions/A/ProtocolBuffer
0x00007ff8285f9000 	/System/Library/PrivateFrameworks/GPUWrangler.framework/Versions/A/GPUWrangler
0x00007ff8285dc000 	/System/Library/PrivateFrameworks/IOPresentment.framework/Versions/A/IOPresentment
0x00007ff828603000 	/System/Library/PrivateFrameworks/DSExternalDisplay.framework/Versions/A/DSExternalDisplay
0x00007ffa338d2000 	/System/Library/Frameworks/OpenGL.framework/Versions/A/Libraries/libCoreFSCache.dylib
0x00007ffb1f973000 	/System/Library/PrivateFrameworks/GPUCompiler.framework/Versions/31001/Libraries/libGPUCompilerUtils.dylib
0x00007ff82866e000 	/System/Library/PrivateFrameworks/CMCaptureCore.framework/Versions/A/CMCaptureCore
0x00007ff827b78000 	/System/Library/PrivateFrameworks/AppServerSupport.framework/Versions/A/AppServerSupport
0x00007ff829d55000 	/System/Library/PrivateFrameworks/perfdata.framework/Versions/A/perfdata
0x00007ff81d0c3000 	/System/Library/PrivateFrameworks/AudioToolboxCore.framework/Versions/A/AudioToolboxCore
0x00007ff82468f000 	/System/Library/PrivateFrameworks/caulk.framework/Versions/A/caulk
0x00007ff829679000 	/usr/lib/libAudioStatistics.dylib
0x00007ff92099c000 	/System/Library/PrivateFrameworks/SystemPolicy.framework/Versions/A/SystemPolicy
0x00007ff8298ce000 	/usr/lib/libSMC.dylib
0x00007ff832718000 	/System/Library/Frameworks/CoreMIDI.framework/Versions/A/CoreMIDI
0x00007ff828529000 	/usr/lib/libAudioToolboxUtility.dylib
0x00007ff91cdae000 	/System/Library/PrivateFrameworks/OSAServicesClient.framework/Versions/A/OSAServicesClient
0x00007ff829d62000 	/usr/lib/libperfcheck.dylib
0x00007ff92142e000 	/usr/lib/libmis.dylib
0x00007ffa3392e000 	/System/Library/Frameworks/OpenGL.framework/Versions/A/Libraries/libGLU.dylib
0x00007ffa338f1000 	/System/Library/Frameworks/OpenGL.framework/Versions/A/Libraries/libGFXShared.dylib
0x00007ffa33aff000 	/System/Library/Frameworks/OpenGL.framework/Versions/A/Libraries/libGL.dylib
0x00007ffa338fa000 	/System/Library/Frameworks/OpenGL.framework/Versions/A/Libraries/libGLImage.dylib
0x00007ffa338ee000 	/System/Library/Frameworks/OpenGL.framework/Versions/A/Libraries/libCVMSPluginSupport.dylib
0x00007ffa338d9000 	/System/Library/Frameworks/OpenGL.framework/Versions/A/Libraries/libCoreVMClient.dylib
0x00007ff8251f2000 	/System/Library/Frameworks/MetalPerformanceShaders.framework/Versions/A/Frameworks/MPSCore.framework/Versions/A/MPSCore
0x00007ff8265b9000 	/System/Library/Frameworks/MetalPerformanceShaders.framework/Versions/A/Frameworks/MPSImage.framework/Versions/A/MPSImage
0x00007ff826068000 	/System/Library/Frameworks/MetalPerformanceShaders.framework/Versions/A/Frameworks/MPSNeuralNetwork.framework/Versions/A/MPSNeuralNetwork
0x00007ff8264dd000 	/System/Library/Frameworks/MetalPerformanceShaders.framework/Versions/A/Frameworks/MPSMatrix.framework/Versions/A/MPSMatrix
0x00007ff826299000 	/System/Library/Frameworks/MetalPerformanceShaders.framework/Versions/A/Frameworks/MPSRayIntersector.framework/Versions/A/MPSRayIntersector
0x00007ff826516000 	/System/Library/Frameworks/MetalPerformanceShaders.framework/Versions/A/Frameworks/MPSNDArray.framework/Versions/A/MPSNDArray
0x00007ffa384f3000 	/System/Library/Frameworks/MetalPerformanceShaders.framework/Versions/A/Frameworks/MPSFunctions.framework/Versions/A/MPSFunctions
0x00007ff81c3c5000 	/System/Library/PrivateFrameworks/MetalTools.framework/Versions/A/MetalTools
0x00007ff82526c000 	/System/Library/PrivateFrameworks/AggregateDictionary.framework/Versions/A/AggregateDictionary
0x00007ff8273ae000 	/usr/lib/libIOReport.dylib
0x00007ffa34f0e000 	/System/Library/Frameworks/OpenCL.framework/Versions/A/OpenCL
0x00007ff827712000 	/System/Library/PrivateFrameworks/FaceCore.framework/Versions/A/FaceCore
0x00007ff827703000 	/System/Library/PrivateFrameworks/GraphVisualizer.framework/Versions/A/GraphVisualizer
0x00007ffb1f87e000 	/System/Library/PrivateFrameworks/FontServices.framework/Versions/A/FontServices
0x00007ff827b2f000 	/System/Library/PrivateFrameworks/OTSVG.framework/Versions/A/OTSVG
0x00007ff82304b000 	/System/Library/Frameworks/ApplicationServices.framework/Versions/A/Frameworks/ATS.framework/Versions/A/Resources/libFontRegistry.dylib
0x00007ff827b80000 	/System/Library/PrivateFrameworks/FontServices.framework/libhvf.dylib
0x00007ffb1f87f000 	/System/Library/PrivateFrameworks/FontServices.framework/libXTFontStaticRegistryData.dylib
0x00007ff82757c000 	/System/Library/PrivateFrameworks/AppleVA.framework/Versions/A/AppleVA
0x00007ff82969d000 	/System/Library/Frameworks/ApplicationServices.framework/Versions/A/Frameworks/ATS.framework/Versions/A/ATS
0x00007ff82171b000 	/System/Library/Frameworks/ApplicationServices.framework/Versions/A/Frameworks/HIServices.framework/Versions/A/HIServices
0x00007ff828678000 	/System/Library/Frameworks/ApplicationServices.framework/Versions/A/Frameworks/PrintCore.framework/Versions/A/PrintCore
0x00007ff829a21000 	/System/Library/Frameworks/ApplicationServices.framework/Versions/A/Frameworks/QD.framework/Versions/A/QD
0x00007ff829a19000 	/System/Library/Frameworks/ApplicationServices.framework/Versions/A/Frameworks/ColorSyncLegacy.framework/Versions/A/ColorSyncLegacy
0x00007ff82968d000 	/System/Library/Frameworks/ApplicationServices.framework/Versions/A/Frameworks/SpeechSynthesis.framework/Versions/A/SpeechSynthesis
0x00007ff828639000 	/System/Library/Frameworks/ApplicationServices.framework/Versions/A/Frameworks/ATSUI.framework/Versions/A/ATSUI
0x00007ff8299ae000 	/usr/lib/libcups.2.dylib
0x00007ff829d71000 	/System/Library/Frameworks/Kerberos.framework/Versions/A/Kerberos
0x00007ff829d80000 	/System/Library/Frameworks/GSS.framework/Versions/A/GSS
0x00007ff829709000 	/usr/lib/libresolv.9.dylib
0x00007ff827b8f000 	/System/Library/PrivateFrameworks/Heimdal.framework/Versions/A/Heimdal
0x00007ff83086e000 	/System/Library/Frameworks/Kerberos.framework/Versions/A/Libraries/libHeimdalProxy.dylib
0x00007ff8223ed000 	/System/Library/Frameworks/Network.framework/Versions/A/Network
0x00007ff8275e6000 	/usr/lib/libheimdal-asn1.dylib
0x00007ff829dcc000 	/System/Library/PrivateFrameworks/CommonAuth.framework/Versions/A/CommonAuth
0x00007ff82960a000 	/System/Library/PrivateFrameworks/AudioSession.framework/Versions/A/AudioSession
0x00007ff827676000 	/System/Library/PrivateFrameworks/MediaExperience.framework/Versions/A/MediaExperience
0x00007ff82949e000 	/System/Library/PrivateFrameworks/AudioSession.framework/libSessionUtility.dylib
0x00007ff829a2d000 	/System/Library/PrivateFrameworks/AudioResourceArbitration.framework/Versions/A/AudioResourceArbitration
0x00007ff82da1f000 	/System/Library/PrivateFrameworks/PowerLog.framework/Versions/A/PowerLog
0x00007ff8275ef000 	/System/Library/PrivateFrameworks/IconFoundation.framework/Versions/A/IconFoundation
0x00007ff82c839000 	/System/Library/PrivateFrameworks/SpeechRecognitionCore.framework/Versions/A/SpeechRecognitionCore
0x0000000107abb000 	/Library/Java/JavaVirtualMachines/temurin-11.jdk/Contents/Home/lib/server/libjvm.dylib
0x0000000106d25000 	/Library/Java/JavaVirtualMachines/temurin-11.jdk/Contents/Home/lib/libverify.dylib
0x0000000106d62000 	/Library/Java/JavaVirtualMachines/temurin-11.jdk/Contents/Home/lib/libjava.dylib
0x0000000106d36000 	/Library/Java/JavaVirtualMachines/temurin-11.jdk/Contents/Home/lib/libjimage.dylib
0x0000000106d42000 	/Library/Java/JavaVirtualMachines/temurin-11.jdk/Contents/Home/lib/libinstrument.dylib
0x0000000106dce000 	/Library/Java/JavaVirtualMachines/temurin-11.jdk/Contents/Home/lib/libzip.dylib
0x0000000107854000 	/Library/Java/JavaVirtualMachines/temurin-11.jdk/Contents/Home/lib/libnio.dylib
0x0000000107880000 	/Library/Java/JavaVirtualMachines/temurin-11.jdk/Contents/Home/lib/libnet.dylib
0x0000000107867000 	/Users/ishaperry/.openjfx/cache/11.0.2/libprism_es2.dylib
0x00007ff81e546000 	/System/Library/PrivateFrameworks/CoreServicesInternal.framework/Versions/A/CoreServicesInternal
0x00007ffa33b0a000 	/System/Library/Frameworks/OpenGL.framework/Versions/A/Resources/GLEngine.bundle/GLEngine
0x00007ffa3396c000 	/System/Library/Frameworks/OpenGL.framework/Versions/A/Libraries/libGLProgrammability.dylib
0x00007ffa27d32000 	/System/Library/Extensions/AppleIntelKBLGraphicsGLDriver.bundle/Contents/MacOS/AppleIntelKBLGraphicsGLDriver
0x00007ff92b312000 	/System/Library/PrivateFrameworks/GPUSupport.framework/Versions/A/Libraries/libGPUSupportMercury.dylib
0x00007ffa33c99000 	/System/Library/Frameworks/OpenGL.framework/Versions/A/Resources/GLRendererFloat.bundle/GLRendererFloat
0x0000000129481000 	/Users/ishaperry/.openjfx/cache/11.0.2/libglass.dylib
0x00007ff82e010000 	/System/Library/Frameworks/FileProvider.framework/Versions/A/FileProvider
0x00007ff8221cc000 	/System/Library/Frameworks/Accounts.framework/Versions/A/Accounts
0x00007ff82e188000 	/System/Library/PrivateFrameworks/GenerationalStorage.framework/Versions/A/GenerationalStorage
0x00007ff82ec9a000 	/System/Library/PrivateFrameworks/CoreSymbolication.framework/Versions/A/CoreSymbolication
0x00007ff82da14000 	/System/Library/PrivateFrameworks/SymptomDiagnosticReporter.framework/Versions/A/SymptomDiagnosticReporter
0x00007ff81f80a000 	/System/Library/PrivateFrameworks/DesktopServicesPriv.framework/Versions/A/DesktopServicesPriv
0x00007ff81e687000 	/usr/lib/libsandbox.1.dylib
0x00007ff8234e2000 	/System/Library/PrivateFrameworks/UserManagement.framework/Versions/A/UserManagement
0x00007ff82ec5f000 	/System/Library/PrivateFrameworks/DebugSymbols.framework/Versions/A/DebugSymbols
0x00007ff829a0e000 	/System/Library/PrivateFrameworks/NetAuth.framework/Versions/A/NetAuth
0x00007ff82a8fd000 	/System/Library/PrivateFrameworks/Sharing.framework/Versions/A/Sharing
0x00007ff8234b5000 	/System/Library/PrivateFrameworks/login.framework/Versions/A/Frameworks/loginsupport.framework/Versions/A/loginsupport
0x00007ff82fda0000 	/System/Library/PrivateFrameworks/Apple80211.framework/Versions/A/Apple80211
0x00007ff82669e000 	/System/Library/PrivateFrameworks/AuthKit.framework/Versions/A/AuthKit
0x00007ff825cf4000 	/System/Library/PrivateFrameworks/CoreUtils.framework/Versions/A/CoreUtils
0x00007ff825c1b000 	/System/Library/Frameworks/CoreWLAN.framework/Versions/A/CoreWLAN
0x00007ff82aa58000 	/System/Library/Frameworks/IOBluetooth.framework/Versions/A/IOBluetooth
0x00007ff82fe08000 	/System/Library/PrivateFrameworks/CoreWiFi.framework/Versions/A/CoreWiFi
0x00007ff82e834000 	/System/Library/PrivateFrameworks/FrontBoardServices.framework/Versions/A/FrontBoardServices
0x00007ff82e8c6000 	/System/Library/PrivateFrameworks/BoardServices.framework/Versions/A/BoardServices
0x00007ff825f0e000 	/System/Library/PrivateFrameworks/AssertionServices.framework/Versions/A/AssertionServices
0x00007ff82ff8c000 	/System/Library/PrivateFrameworks/BackBoardServices.framework/Versions/A/BackBoardServices
0x00007ff829e5b000 	/System/Library/PrivateFrameworks/CorePhoneNumbers.framework/Versions/A/CorePhoneNumbers
0x00007ff82db31000 	/System/Library/PrivateFrameworks/DiskManagement.framework/Versions/A/DiskManagement
0x00007ff82da45000 	/System/Library/PrivateFrameworks/AppleIDAuthSupport.framework/Versions/A/AppleIDAuthSupport
0x00007ffa3a4ac000 	/System/Library/PrivateFrameworks/AAAFoundation.framework/Versions/A/AAAFoundation
0x00007ff829e3c000 	/System/Library/PrivateFrameworks/KeychainCircle.framework/Versions/A/KeychainCircle
0x00007ff82dafd000 	/System/Library/PrivateFrameworks/MediaKit.framework/Versions/A/MediaKit
0x00007ff82da51000 	/System/Library/Frameworks/DiscRecording.framework/Versions/A/DiscRecording
0x00007ff8274f4000 	/usr/lib/libCoreStorage.dylib
0x00007ff83027b000 	/usr/lib/libcsfde.dylib
0x00007ff82ab25000 	/System/Library/PrivateFrameworks/ProtectedCloudStorage.framework/Versions/A/ProtectedCloudStorage
0x00007ff830277000 	/System/Library/PrivateFrameworks/EFILogin.framework/Versions/A/EFILogin
0x00007ff82e1ae000 	/System/Library/PrivateFrameworks/OctagonTrust.framework/Versions/A/OctagonTrust
0x00007ffb1eba0000 	/System/Library/PrivateFrameworks/CoreUtilsExtras.framework/Versions/A/CoreUtilsExtras
0x00007ff82d987000 	/System/Library/Frameworks/CoreBluetooth.framework/Versions/A/CoreBluetooth
0x00007ff8308f3000 	/System/Library/Frameworks/AudioUnit.framework/Versions/A/AudioUnit
0x00007ff8274ec000 	/usr/lib/libMatch.1.dylib
0x00007ff925892000 	/System/Library/Frameworks/Accelerate.framework/Versions/A/Frameworks/vImage.framework/Versions/A/Libraries/libCGInterfaces.dylib
0x000000012a943000 	/usr/lib/libobjc-trampolines.dylib
0x00007ff8231db000 	/System/Library/PrivateFrameworks/ViewBridge.framework/Versions/A/ViewBridge
0x00007ff827c49000 	/System/Library/PrivateFrameworks/login.framework/Versions/A/login
0x000000012cca4000 	/Users/ishaperry/.openjfx/cache/11.0.2/libjavafx_font.dylib
0x000000012d4a0000 	/Users/ishaperry/.openjfx/cache/11.0.2/libjavafx_iio.dylib
0x00007ffb31815000 	/usr/lib/libRosetta.dylib


VM Arguments:
jvm_args: -javaagent:/Applications/IntelliJ IDEA.app/Contents/lib/idea_rt.jar=50573:/Applications/IntelliJ IDEA.app/Contents/bin -Dfile.encoding=UTF-8 --module-path=/Users/ishaperry/Library/CloudStorage/OneDrive-GeorgiaInstituteofTechnology/pacman_2340/target/classes:/Users/ishaperry/.m2/repository/org/openjfx/javafx-fxml/11.0.2/javafx-fxml-11.0.2-mac.jar:/Users/ishaperry/.m2/repository/org/openjfx/javafx-controls/11.0.2/javafx-controls-11.0.2-mac.jar:/Users/ishaperry/.m2/repository/org/openjfx/javafx-base/11.0.2/javafx-base-11.0.2-mac.jar:/Users/ishaperry/.m2/repository/org/openjfx/javafx-graphics/11.0.2/javafx-graphics-11.0.2-mac.jar -Djdk.module.main=com.example.pacman 
java_command: com.example.pacman/com.example.pacman.ui.welcome
java_class_path (initial): /Users/ishaperry/.m2/repository/org/openjfx/javafx-controls/11.0.2/javafx-controls-11.0.2.jar:/Users/ishaperry/.m2/repository/org/openjfx/javafx-graphics/11.0.2/javafx-graphics-11.0.2.jar:/Users/ishaperry/.m2/repository/org/openjfx/javafx-base/11.0.2/javafx-base-11.0.2.jar:/Users/ishaperry/.m2/repository/org/openjfx/javafx-fxml/11.0.2/javafx-fxml-11.0.2.jar
Launcher Type: SUN_STANDARD

[Global flags]
     intx CICompilerCount                          = 4                                         {product} {ergonomic}
     uint ConcGCThreads                            = 2                                         {product} {ergonomic}
     uint G1ConcRefinementThreads                  = 8                                         {product} {ergonomic}
   size_t G1HeapRegionSize                         = 1048576                                   {product} {ergonomic}
    uintx GCDrainStackTargetSize                   = 64                                        {product} {ergonomic}
   size_t InitialHeapSize                          = 134217728                                 {product} {ergonomic}
   size_t MarkStackSize                            = 4194304                                   {product} {ergonomic}
   size_t MaxHeapSize                              = 2147483648                                {product} {ergonomic}
   size_t MaxNewSize                               = 1287651328                                {product} {ergonomic}
   size_t MinHeapDeltaBytes                        = 1048576                                   {product} {ergonomic}
    uintx NonNMethodCodeHeapSize                   = 5836300                                {pd product} {ergonomic}
    uintx NonProfiledCodeHeapSize                  = 122910970                              {pd product} {ergonomic}
    uintx ProfiledCodeHeapSize                     = 122910970                              {pd product} {ergonomic}
    uintx ReservedCodeCacheSize                    = 251658240                              {pd product} {ergonomic}
     bool SegmentedCodeCache                       = true                                      {product} {ergonomic}
     bool UseCompressedClassPointers               = true                                 {lp64_product} {ergonomic}
     bool UseCompressedOops                        = true                                 {lp64_product} {ergonomic}
     bool UseG1GC                                  = true                                      {product} {ergonomic}

Logging:
Log output configuration:
 #0: stdout all=warning uptime,level,tags
 #1: stderr all=off uptime,level,tags

Environment Variables:
CLASSPATH=.:/Users/ishaperry/javaindepth/src
PATH=/Users/ishaperry/opt/anaconda3/bin:/Users/ishaperry/opt/anaconda3/condabin:/usr/local/bin:/usr/bin:/bin:/usr/sbin:/sbin
SHELL=/bin/zsh
LC_CTYPE=en_US.UTF-8

Signal Handlers:
SIGSEGV: [libjvm.dylib+0x7c4d6c], sa_mask[0]=11111111011111110111111111111111, sa_flags=SA_ONSTACK|SA_RESTART|SA_SIGINFO
SIGBUS: [libjvm.dylib+0x7c4d6c], sa_mask[0]=11111111011111110111111111111111, sa_flags=SA_RESTART|SA_SIGINFO
SIGFPE: [libjvm.dylib+0x7c4d6c], sa_mask[0]=11111111011111110111111111111111, sa_flags=SA_RESTART|SA_SIGINFO
SIGPIPE: [libjvm.dylib+0x6298ca], sa_mask[0]=11111111011111110111111111111111, sa_flags=SA_RESTART|SA_SIGINFO
SIGXFSZ: [libjvm.dylib+0x6298ca], sa_mask[0]=11111111011111110111111111111111, sa_flags=SA_RESTART|SA_SIGINFO
SIGILL: [libjvm.dylib+0x7c4d6c], sa_mask[0]=11111111011111110111111111111111, sa_flags=SA_RESTART|SA_SIGINFO
SIGUSR2: [libjvm.dylib+0x629eb1], sa_mask[0]=00100000000000000000000000000000, sa_flags=SA_RESTART|SA_SIGINFO
SIGHUP: [libjvm.dylib+0x628a93], sa_mask[0]=11111111011111110111111111111111, sa_flags=SA_RESTART|SA_SIGINFO
SIGINT: [libjvm.dylib+0x628a93], sa_mask[0]=11111111011111110111111111111111, sa_flags=SA_RESTART|SA_SIGINFO
SIGTERM: [libjvm.dylib+0x628a93], sa_mask[0]=11111111011111110111111111111111, sa_flags=SA_RESTART|SA_SIGINFO
SIGQUIT: [libjvm.dylib+0x628a93], sa_mask[0]=11111111011111110111111111111111, sa_flags=SA_RESTART|SA_SIGINFO


---------------  S Y S T E M  ---------------

OS:uname:Darwin 21.3.0 Darwin Kernel Version 21.3.0: Wed Jan  5 21:37:58 PST 2022; root:xnu-8019.80.24~20/RELEASE_X86_64 x86_64
OS uptime: 6 days 3:03 hours
rlimit (soft/hard): STACK 8192k/65532k , CORE 0k/infinity , NPROC 1392/2088 , NOFILE 10240/infinity , AS infinity/infinity , CPU infinity/infinity , DATA infinity/infinity , FSIZE infinity/infinity , MEMLOCK infinity/infinity , RSS infinity/infinity
load average:3.52 3.78 3.82

CPU:total 8 (initial active 8) (4 cores per cpu, 2 threads per core) family 6 model 142 stepping 10 microcode 0xec, cmov, cx8, fxsr, mmx, sse, sse2, sse3, ssse3, sse4.1, sse4.2, popcnt, avx, avx2, aes, clmul, erms, 3dnowpref, lzcnt, ht, tsc, tscinvbit, bmi1, bmi2, adx, fma

Memory: 4k page, physical 8388608k(55240k free), swap 4194304k(556544k free)

vm_info: OpenJDK 64-Bit Server VM (11.0.13+8) for bsd-amd64 JRE (11.0.13+8), built on Oct 20 2021 01:56:05 by "jenkins" with clang 4.2.1 Compatible Apple LLVM 10.0.1 (clang-1001.0.46.4)

END.
